#
# There is insufficient memory for the Java Runtime Environment to continue.
# Native memory allocation (mmap) failed to map 134217728 bytes for G1 virtual space
# Possible reasons:
#   The system is out of physical RAM or swap space
#   The process is running with CompressedOops enabled, and the Java Heap may be blocking the growth of the native heap
# Possible solutions:
#   Reduce memory load on the system
#   Increase physical memory or swap space
#   Check if swap backing store is full
#   Decrease Java heap size (-Xmx/-Xms)
#   Decrease number of Java threads
#   Decrease Java thread stack sizes (-Xss)
#   Set larger code cache with -XX:ReservedCodeCacheSize=
#   JVM is running with Unscaled Compressed Oops mode in which the Java heap is
#     placed in the first 4GB address space. The Java Heap base address is the
#     maximum limit for the native heap growth. Please use -XX:HeapBaseMinAddress
#     to set the Java Heap base and to place the Java Heap above 4GB virtual address.
# This output file may be truncated or incomplete.
#
#  Out of Memory Error (./open/src/hotspot/os/windows/os_windows.cpp:3472), pid=4984, tid=17044
#
# JRE version:  (15.0.1+9) (build )
# Java VM: OpenJDK 64-Bit Server VM (15.0.1+9-18, mixed mode, sharing, tiered, compressed oops, g1 gc, windows-amd64)
# No core dump will be written. Minidumps are not enabled by default on client versions of Windows
#

---------------  S U M M A R Y ------------

Command Line: -Dmaven.multiModuleProjectDirectory=D:\3\trspo\mediator -Dmaven.home=C:\Users\julia\.m2\wrapper\dists\apache-maven-3.6.3-bin\1iopthnavndlasol9gbrbg6bf2\apache-maven-3.6.3 -Dclassworlds.conf=C:\Users\julia\.m2\wrapper\dists\apache-maven-3.6.3-bin\1iopthnavndlasol9gbrbg6bf2\apache-maven-3.6.3\bin\m2.conf -Dmaven.ext.class.path=C:\Program Files\JetBrains\IntelliJ IDEA Community Edition 2020.2.1\plugins\maven\lib\maven-event-listener.jar -javaagent:C:\Program Files\JetBrains\IntelliJ IDEA Community Edition 2020.2.1\lib\idea_rt.jar=59507:C:\Program Files\JetBrains\IntelliJ IDEA Community Edition 2020.2.1\bin -Dfile.encoding=UTF-8 org.codehaus.classworlds.Launcher -Didea.version=2020.2.1 org.springframework.boot:spring-boot-maven-plugin:2.3.4.RELEASE:run

Host: Intel(R) Core(TM) i5-8250U CPU @ 1.60GHz, 8 cores, 7G,  Windows 10 , 64 bit Build 18362 (10.0.18362.1110)
Time: Tue Dec  1 14:54:02 2020 FLE Standard Time elapsed time: 0.038008 seconds (0d 0h 0m 0s)

---------------  T H R E A D  ---------------

Current thread (0x000002aff4842f80):  JavaThread "Unknown thread" [_thread_in_vm, id=17044, stack(0x000000f5af200000,0x000000f5af300000)]

Stack: [0x000000f5af200000,0x000000f5af300000]
Native frames: (J=compiled Java code, j=interpreted, Vv=VM code, C=native code)
V  [jvm.dll+0x62ae9a]
V  [jvm.dll+0x781389]
V  [jvm.dll+0x782ae3]
V  [jvm.dll+0x783143]
V  [jvm.dll+0x216265]
V  [jvm.dll+0x6281d9]
V  [jvm.dll+0x61cd15]
V  [jvm.dll+0x2d01fd]
V  [jvm.dll+0x2d0062]
V  [jvm.dll+0x2d603c]
V  [jvm.dll+0x325b2a]
V  [jvm.dll+0x3251f4]
V  [jvm.dll+0x2a717a]
V  [jvm.dll+0x2a8318]
V  [jvm.dll+0x75e101]
V  [jvm.dll+0x3343e4]
V  [jvm.dll+0x73e826]
V  [jvm.dll+0x3b7777]
V  [jvm.dll+0x3b9201]
C  [jli.dll+0x52fb]
C  [ucrtbase.dll+0x210b2]
C  [KERNEL32.DLL+0x17c24]
C  [ntdll.dll+0x6d4d1]


---------------  P R O C E S S  ---------------

Threads class SMR info:
_java_thread_list=0x00007ffb917e4ff0, length=0, elements={
}

Java Threads: ( => current thread )

Other Threads:
  0x000002aff4882bd0 GCTaskThread "GC Thread#0" [stack: 0x000000f5af300000,0x000000f5af400000] [id=11632]
  0x000002aff4894a30 ConcurrentGCThread "G1 Main Marker" [stack: 0x000000f5af400000,0x000000f5af500000] [id=11952]
  0x000002aff4896c70 ConcurrentGCThread "G1 Conc#0" [stack: 0x000000f5af500000,0x000000f5af600000] [id=18044]

[error occurred during error reporting (printing all threads), id 0xc0000005, EXCEPTION_ACCESS_VIOLATION (0xc0000005) at pc=0x00007ffb90fd8047]

VM state: not at safepoint (not fully initialized)

VM Mutex/Monitor currently owned by a thread:  ([mutex/lock_event])
[0x000002aff483f800] Heap_lock - owner thread: 0x000002aff4842f80

Heap address: 0x0000000081800000, size: 2024 MB, Compressed Oops mode: 32-bit
CDS archive(s) mapped at: [0x0000000000000000-0x0000000000000000-0x0000000000000000), size 0, SharedBaseAddress: 0x0000000800000000, ArchiveRelocationMode: 0.
Narrow klass base: 0x0000000000000000, Narrow klass shift: 0, Narrow klass range: 0x0

Heap:
 garbage-first heap   total 131072K, used 0K [0x0000000081800000, 0x0000000100000000)
  region size 1024K, 0 young (0K), 0 survivors (0K)
 Metaspace       used 0K, capacity 0K, committed 0K, reserved 0K
  class space    used 0K, capacity 0K, committed 0K, reserved 0K

Heap Regions: E=young(eden), S=young(survivor), O=old, HS=humongous(starts), HC=humongous(continues), CS=collection set, F=free, OA=open archive, CA=closed archive, TAMS=top-at-mark-start (previous, next)

Card table byte_map: [0x000002afff0d0000,0x000002afff4d0000] _byte_map_base: 0x000002affecc4000

Marking Bits (Prev, Next): (CMBitMap*) 0x000002aff48843d0, (CMBitMap*) 0x000002aff4884410
 Prev Bits: [0x000002af8f000000, 0x000002af90fa0000)
 Next Bits: [0x000002af90fa0000, 0x000002af92f40000)

GC Heap History (0 events):
No events

Deoptimization events (0 events):
No events

Classes unloaded (0 events):
No events

Classes redefined (0 events):
No events

Internal exceptions (0 events):
No events

Events (1 events):
Event: 0.018 Loaded shared library C:\Users\julia\.jdks\openjdk-15.0.1\bin\java.dll


Dynamic libraries:
0x00007ff61ca90000 - 0x00007ff61ca9d000 	C:\Users\julia\.jdks\openjdk-15.0.1\bin\java.exe
0x00007ffbd1a80000 - 0x00007ffbd1c70000 	C:\WINDOWS\SYSTEM32\ntdll.dll
0x00007ffbd0670000 - 0x00007ffbd0722000 	C:\WINDOWS\System32\KERNEL32.DLL
0x00007ffbcf390000 - 0x00007ffbcf635000 	C:\WINDOWS\System32\KERNELBASE.dll
0x00007ffbcf790000 - 0x00007ffbcf88a000 	C:\WINDOWS\System32\ucrtbase.dll
0x00007ffbc9e60000 - 0x00007ffbc9e79000 	C:\Users\julia\.jdks\openjdk-15.0.1\bin\VCRUNTIME140.dll
0x00007ffbc9bf0000 - 0x00007ffbc9c08000 	C:\Users\julia\.jdks\openjdk-15.0.1\bin\jli.dll
0x00007ffbd04d0000 - 0x00007ffbd0664000 	C:\WINDOWS\System32\USER32.dll
0x00007ffbcfb00000 - 0x00007ffbcfb21000 	C:\WINDOWS\System32\win32u.dll
0x00007ffbb5c80000 - 0x00007ffbb5f04000 	C:\WINDOWS\WinSxS\amd64_microsoft.windows.common-controls_6595b64144ccf1df_6.0.18362.1198_none_9e820b57e45ad92f\COMCTL32.dll
0x00007ffbd1220000 - 0x00007ffbd1246000 	C:\WINDOWS\System32\GDI32.dll
0x00007ffbcfbb0000 - 0x00007ffbcfc4e000 	C:\WINDOWS\System32\msvcrt.dll
0x00007ffbcf8c0000 - 0x00007ffbcfa56000 	C:\WINDOWS\System32\gdi32full.dll
0x00007ffbd0c10000 - 0x00007ffbd0f45000 	C:\WINDOWS\System32\combase.dll
0x00007ffbcfa60000 - 0x00007ffbcfafe000 	C:\WINDOWS\System32\msvcp_win.dll
0x00007ffbd0740000 - 0x00007ffbd0860000 	C:\WINDOWS\System32\RPCRT4.dll
0x00007ffbcf1f0000 - 0x00007ffbcf270000 	C:\WINDOWS\System32\bcryptPrimitives.dll
0x00007ffbd1810000 - 0x00007ffbd183e000 	C:\WINDOWS\System32\IMM32.DLL
0x00007ffbcae40000 - 0x00007ffbcae4c000 	C:\Users\julia\.jdks\openjdk-15.0.1\bin\vcruntime140_1.dll
0x00007ffb958f0000 - 0x00007ffb95981000 	C:\Users\julia\.jdks\openjdk-15.0.1\bin\msvcp140.dll
0x00007ffb90d20000 - 0x00007ffb9187e000 	C:\Users\julia\.jdks\openjdk-15.0.1\bin\server\jvm.dll
0x00007ffbd03c0000 - 0x00007ffbd0463000 	C:\WINDOWS\System32\ADVAPI32.dll
0x00007ffbd1020000 - 0x00007ffbd10b7000 	C:\WINDOWS\System32\sechost.dll
0x00007ffbd1250000 - 0x00007ffbd1258000 	C:\WINDOWS\System32\PSAPI.DLL
0x00007ffbb8260000 - 0x00007ffbb8269000 	C:\WINDOWS\SYSTEM32\WSOCK32.dll
0x00007ffbc5350000 - 0x00007ffbc535a000 	C:\WINDOWS\SYSTEM32\VERSION.dll
0x00007ffbcb290000 - 0x00007ffbcb2b4000 	C:\WINDOWS\SYSTEM32\WINMM.dll
0x00007ffbd0860000 - 0x00007ffbd08cf000 	C:\WINDOWS\System32\WS2_32.dll
0x00007ffbcb260000 - 0x00007ffbcb28d000 	C:\WINDOWS\SYSTEM32\winmmbase.dll
0x00007ffbcf320000 - 0x00007ffbcf36a000 	C:\WINDOWS\System32\cfgmgr32.dll
0x00007ffbce990000 - 0x00007ffbce9a1000 	C:\WINDOWS\System32\kernel.appcore.dll
0x00007ffbc9be0000 - 0x00007ffbc9bea000 	C:\Users\julia\.jdks\openjdk-15.0.1\bin\jimage.dll
0x00007ffbbfb70000 - 0x00007ffbbfd64000 	C:\WINDOWS\SYSTEM32\DBGHELP.DLL
0x00007ffbbc850000 - 0x00007ffbbc87a000 	C:\WINDOWS\SYSTEM32\dbgcore.DLL
0x00007ffbcb0c0000 - 0x00007ffbcb0ce000 	C:\Users\julia\.jdks\openjdk-15.0.1\bin\instrument.dll
0x00007ffbbde70000 - 0x00007ffbbde95000 	C:\Users\julia\.jdks\openjdk-15.0.1\bin\java.dll

dbghelp: loaded successfully - version: 4.0.5 - missing functions: none
symbol engine: initialized successfully - sym options: 0x614 - pdb path: .;C:\Users\julia\.jdks\openjdk-15.0.1\bin;C:\WINDOWS\SYSTEM32;C:\WINDOWS\WinSxS\amd64_microsoft.windows.common-controls_6595b64144ccf1df_6.0.18362.1198_none_9e820b57e45ad92f;C:\Users\julia\.jdks\openjdk-15.0.1\bin\server

VM Arguments:
jvm_args: -Dmaven.multiModuleProjectDirectory=D:\3\trspo\mediator -Dmaven.home=C:\Users\julia\.m2\wrapper\dists\apache-maven-3.6.3-bin\1iopthnavndlasol9gbrbg6bf2\apache-maven-3.6.3 -Dclassworlds.conf=C:\Users\julia\.m2\wrapper\dists\apache-maven-3.6.3-bin\1iopthnavndlasol9gbrbg6bf2\apache-maven-3.6.3\bin\m2.conf -Dmaven.ext.class.path=C:\Program Files\JetBrains\IntelliJ IDEA Community Edition 2020.2.1\plugins\maven\lib\maven-event-listener.jar -javaagent:C:\Program Files\JetBrains\IntelliJ IDEA Community Edition 2020.2.1\lib\idea_rt.jar=59507:C:\Program Files\JetBrains\IntelliJ IDEA Community Edition 2020.2.1\bin -Dfile.encoding=UTF-8 
java_command: org.codehaus.classworlds.Launcher -Didea.version=2020.2.1 org.springframework.boot:spring-boot-maven-plugin:2.3.4.RELEASE:run
java_class_path (initial): C:\Users\julia\.m2\wrapper\dists\apache-maven-3.6.3-bin\1iopthnavndlasol9gbrbg6bf2\apache-maven-3.6.3\boot\plexus-classworlds-2.6.0.jar;C:\Users\julia\.m2\wrapper\dists\apache-maven-3.6.3-bin\1iopthnavndlasol9gbrbg6bf2\apache-maven-3.6.3\boot\plexus-classworlds.license
Launcher Type: SUN_STANDARD

[Global flags]
     intx CICompilerCount                          = 4                                         {product} {ergonomic}
     uint ConcGCThreads                            = 2                                         {product} {ergonomic}
     uint G1ConcRefinementThreads                  = 8                                         {product} {ergonomic}
   size_t G1HeapRegionSize                         = 1048576                                   {product} {ergonomic}
    uintx GCDrainStackTargetSize                   = 64                                        {product} {ergonomic}
   size_t InitialHeapSize                          = 134217728                                 {product} {ergonomic}
   size_t MarkStackSize                            = 4194304                                   {product} {ergonomic}
   size_t MaxHeapSize                              = 2122317824                                {product} {ergonomic}
   size_t MinHeapDeltaBytes                        = 1048576                                   {product} {ergonomic}
   size_t MinHeapSize                              = 8388608                                   {product} {ergonomic}
    uintx NonNMethodCodeHeapSize                   = 5839372                                {pd product} {ergonomic}
    uintx NonProfiledCodeHeapSize                  = 122909434                              {pd product} {ergonomic}
    uintx ProfiledCodeHeapSize                     = 122909434                              {pd product} {ergonomic}
    uintx ReservedCodeCacheSize                    = 251658240                              {pd product} {ergonomic}
     bool SegmentedCodeCache                       = true                                      {product} {ergonomic}
   size_t SoftMaxHeapSize                          = 2122317824                             {manageable} {ergonomic}
     bool UseCompressedClassPointers               = true                                 {lp64_product} {ergonomic}
     bool UseCompressedOops                        = true                                 {lp64_product} {ergonomic}
     bool UseG1GC                                  = true                                      {product} {ergonomic}
     bool UseLargePagesIndividualAllocation        = false                                  {pd product} {ergonomic}

Logging:
Log output configuration:
 #0: stdout all=warning uptime,level,tags
 #1: stderr all=off uptime,level,tags

Environment Variables:
PATH=C:\WINDOWS\system32;C:\WINDOWS;C:\WINDOWS\System32\Wbem;C:\WINDOWS\System32\WindowsPowerShell\v1.0\;C:\WINDOWS\System32\OpenSSH\;C:\Program Files\Git\cmd;C:\Program Files\dotnet\;C:\Program Files\Microsoft SQL Server\130\Tools\Binn\;C:\Program Files\Kubernetes\Minikube;;C:\Program Files\Docker\Docker\resources\bin;C:\ProgramData\DockerDesktop\version-bin;C:\Users\julia\kub;C:\Users\julia\AppData\Local\Microsoft\WindowsApps;C:\Users\julia\.dotnet\tools;C:\Program Files\Kubernetes\Minikube;
USERNAME=julia
OS=Windows_NT
PROCESSOR_IDENTIFIER=Intel64 Family 6 Model 142 Stepping 10, GenuineIntel



---------------  S Y S T E M  ---------------

OS:
 Windows 10 , 64 bit Build 18362 (10.0.18362.1110)
OS uptime: 0 days 18:37 hours
HyperV virtualization detected

CPU: total 8 (initial active 8) (4 cores per cpu, 2 threads per core) family 6 model 142 stepping 10 microcode 0xc6, cmov, cx8, fxsr, mmx, sse, sse2, sse3, ssse3, sse4.1, sse4.2, popcnt, vzeroupper, avx, avx2, aes, clmul, erms, 3dnowpref, lzcnt, ht, tsc, tscinvbit, bmi1, bmi2, adx, fma, clflush, clflushopt

Memory: 4k page, system-wide physical 8088M (473M free)
TotalPageFile size 20816M (AvailPageFile size 17M)
current process WorkingSet (physical memory assigned to process): 10M, peak: 10M
current process commit charge ("private bytes"): 60M, peak: 188M

vm_info: OpenJDK 64-Bit Server VM (15.0.1+9-18) for windows-amd64 JRE (15.0.1+9-18), built on Sep 15 2020 14:39:31 by "mach5one" with unknown MS VC++:1925

END.
