#
# There is insufficient memory for the Java Runtime Environment to continue.
# Native memory allocation (mmap) failed to map 134217728 bytes for Failed to commit area from 0x0000000081800000 to 0x0000000089800000 of length 134217728.
# Possible reasons:
#   The system is out of physical RAM or swap space
#   The process is running with CompressedOops enabled, and the Java Heap may be blocking the growth of the native heap
# Possible solutions:
#   Reduce memory load on the system
#   Increase physical memory or swap space
#   Check if swap backing store is full
#   Decrease Java heap size (-Xmx/-Xms)
#   Decrease number of Java threads
#   Decrease Java thread stack sizes (-Xss)
#   Set larger code cache with -XX:ReservedCodeCacheSize=
#   JVM is running with Unscaled Compressed Oops mode in which the Java heap is
#     placed in the first 4GB address space. The Java Heap base address is the
#     maximum limit for the native heap growth. Please use -XX:HeapBaseMinAddress
#     to set the Java Heap base and to place the Java Heap above 4GB virtual address.
# This output file may be truncated or incomplete.
#
#  Out of Memory Error (./open/src/hotspot/os/windows/os_windows.cpp:3315), pid=12352, tid=39408
#
# JRE version:  (14.0.2+12) (build )
# Java VM: OpenJDK 64-Bit Server VM (14.0.2+12-46, mixed mode, sharing, tiered, compressed oops, g1 gc, windows-amd64)
# No core dump will be written. Minidumps are not enabled by default on client versions of Windows
#

---------------  S U M M A R Y ------------

Command Line: -javaagent:C:\Program Files\JetBrains\IntelliJ IDEA Community Edition 2020.2.1\lib\idea_rt.jar=62889:C:\Program Files\JetBrains\IntelliJ IDEA Community Edition 2020.2.1\bin -Dfile.encoding=UTF-8 com.julieandco.bookcrossingMain.BookcrossingMainApplication

Host: Intel(R) Core(TM) i5-8250U CPU @ 1.60GHz, 8 cores, 7G,  Windows 10 , 64 bit Build 18362 (10.0.18362.1082)
Time: Sat Oct  3 17:41:55 2020 FLE Daylight Time elapsed time: 0 seconds (0d 0h 0m 0s)

---------------  T H R E A D  ---------------

Current thread (0x000002455ef13000):  JavaThread "Unknown thread" [_thread_in_vm, id=39408, stack(0x000000e241a00000,0x000000e241b00000)]

Stack: [0x000000e241a00000,0x000000e241b00000]
Native frames: (J=compiled Java code, j=interpreted, Vv=VM code, C=native code)
V  [jvm.dll+0x5f8a9a]
V  [jvm.dll+0x74247a]
V  [jvm.dll+0x743c2f]
V  [jvm.dll+0x744273]
V  [jvm.dll+0x20d288]
V  [jvm.dll+0x5f5dea]
V  [jvm.dll+0x5eac45]
V  [jvm.dll+0x2c7e9c]
V  [jvm.dll+0x2c7cd2]
V  [jvm.dll+0x2cdbbc]
V  [jvm.dll+0x313fe8]
V  [jvm.dll+0x313710]
V  [jvm.dll+0x2a092a]
V  [jvm.dll+0x2a1a79]
V  [jvm.dll+0x71fd48]
V  [jvm.dll+0x321c14]
V  [jvm.dll+0x70112c]
V  [jvm.dll+0x392def]
V  [jvm.dll+0x394e61]
C  [jli.dll+0x524b]
C  [ucrtbase.dll+0x20e82]
C  [KERNEL32.DLL+0x17bd4]
C  [ntdll.dll+0x6ce51]


---------------  P R O C E S S  ---------------

Threads class SMR info:
_java_thread_list=0x00007ffd78013038, length=0, elements={
}

Java Threads: ( => current thread )

Other Threads:
  0x000002455ef54800 GCTaskThread "GC Thread#0" [stack: 0x000000e241b00000,0x000000e241c00000] [id=34948]
  0x000002455ef68000 ConcurrentGCThread "G1 Main Marker" [stack: 0x000000e241c00000,0x000000e241d00000] [id=32220]
  0x000002455ef6a000 ConcurrentGCThread "G1 Conc#0" [stack: 0x000000e241d00000,0x000000e241e00000] [id=23540]

[error occurred during error reporting (printing all threads), id 0xc0000005, EXCEPTION_ACCESS_VIOLATION (0xc0000005) at pc=0x00007ffd77841257]

VM state:not at safepoint (not fully initialized)

VM Mutex/Monitor currently owned by a thread:  ([mutex/lock_event])
[0x000002455ef0f770] Heap_lock - owner thread: 0x000002455ef13000

Heap address: 0x0000000081800000, size: 2024 MB, Compressed Oops mode: 32-bit
Narrow klass base: 0x0000000000000000, Narrow klass shift: 0

GC Heap History (0 events):
No events

Deoptimization events (0 events):
No events

Classes unloaded (0 events):
No events

Classes redefined (0 events):
No events

Internal exceptions (0 events):
No events

Events (2 events):
Event: 0.011 Loaded shared library C:\Users\julia\.jdks\openjdk-14.0.2\bin\java.dll
Event: 0.012 Loaded shared library C:\Users\julia\.jdks\openjdk-14.0.2\bin\zip.dll


Dynamic libraries:
0x00007ff646380000 - 0x00007ff64638d000 	C:\Users\julia\.jdks\openjdk-14.0.2\bin\java.exe
0x00007ffdd0960000 - 0x00007ffdd0b50000 	C:\WINDOWS\SYSTEM32\ntdll.dll
0x00007ffdd01b0000 - 0x00007ffdd0262000 	C:\WINDOWS\System32\KERNEL32.DLL
0x00007ffdcdb20000 - 0x00007ffdcddc5000 	C:\WINDOWS\System32\KERNELBASE.dll
0x00007ffdcda20000 - 0x00007ffdcdb1a000 	C:\WINDOWS\System32\ucrtbase.dll
0x00007ffdc5470000 - 0x00007ffdc5488000 	C:\Users\julia\.jdks\openjdk-14.0.2\bin\jli.dll
0x00007ffdbd140000 - 0x00007ffdbd155000 	C:\Users\julia\.jdks\openjdk-14.0.2\bin\VCRUNTIME140.dll
0x00007ffdcef80000 - 0x00007ffdcf115000 	C:\WINDOWS\System32\USER32.dll
0x00007ffdce930000 - 0x00007ffdce951000 	C:\WINDOWS\System32\win32u.dll
0x00007ffdb5fb0000 - 0x00007ffdb6234000 	C:\WINDOWS\WinSxS\amd64_microsoft.windows.common-controls_6595b64144ccf1df_6.0.18362.1082_none_9e8193e1e45b25c1\COMCTL32.dll
0x00007ffdceae0000 - 0x00007ffdceb06000 	C:\WINDOWS\System32\GDI32.dll
0x00007ffdcfef0000 - 0x00007ffdcff8e000 	C:\WINDOWS\System32\msvcrt.dll
0x00007ffdcddd0000 - 0x00007ffdcdf66000 	C:\WINDOWS\System32\gdi32full.dll
0x00007ffdce110000 - 0x00007ffdce1ae000 	C:\WINDOWS\System32\msvcp_win.dll
0x00007ffdcfbb0000 - 0x00007ffdcfee5000 	C:\WINDOWS\System32\combase.dll
0x00007ffdd0800000 - 0x00007ffdd0920000 	C:\WINDOWS\System32\RPCRT4.dll
0x00007ffdcd8f0000 - 0x00007ffdcd970000 	C:\WINDOWS\System32\bcryptPrimitives.dll
0x00007ffdceb10000 - 0x00007ffdceb3e000 	C:\WINDOWS\System32\IMM32.DLL
0x00007ffda2d20000 - 0x00007ffda2dbb000 	C:\Users\julia\.jdks\openjdk-14.0.2\bin\msvcp140.dll
0x00007ffd77590000 - 0x00007ffd780ae000 	C:\Users\julia\.jdks\openjdk-14.0.2\bin\server\jvm.dll
0x00007ffdceed0000 - 0x00007ffdcef73000 	C:\WINDOWS\System32\ADVAPI32.dll
0x00007ffdcf8e0000 - 0x00007ffdcf977000 	C:\WINDOWS\System32\sechost.dll
0x00007ffdceb40000 - 0x00007ffdceb48000 	C:\WINDOWS\System32\PSAPI.DLL
0x00007ffdb63c0000 - 0x00007ffdb63c9000 	C:\WINDOWS\SYSTEM32\WSOCK32.dll
0x00007ffdcb480000 - 0x00007ffdcb4a4000 	C:\WINDOWS\SYSTEM32\WINMM.dll
0x00007ffdc3c10000 - 0x00007ffdc3c1a000 	C:\WINDOWS\SYSTEM32\VERSION.dll
0x00007ffdd0320000 - 0x00007ffdd038f000 	C:\WINDOWS\System32\WS2_32.dll
0x00007ffdcb450000 - 0x00007ffdcb47d000 	C:\WINDOWS\SYSTEM32\WINMMBASE.dll
0x00007ffdce960000 - 0x00007ffdce9aa000 	C:\WINDOWS\System32\cfgmgr32.dll
0x00007ffdcd860000 - 0x00007ffdcd871000 	C:\WINDOWS\System32\kernel.appcore.dll
0x00007ffdcb680000 - 0x00007ffdcb68a000 	C:\Users\julia\.jdks\openjdk-14.0.2\bin\jimage.dll
0x00007ffdbe6b0000 - 0x00007ffdbe8a4000 	C:\WINDOWS\SYSTEM32\DBGHELP.DLL
0x00007ffdb6390000 - 0x00007ffdb63ba000 	C:\WINDOWS\SYSTEM32\dbgcore.DLL
0x00007ffdc86d0000 - 0x00007ffdc86de000 	C:\Users\julia\.jdks\openjdk-14.0.2\bin\instrument.dll
0x00007ffdb7d40000 - 0x00007ffdb7d65000 	C:\Users\julia\.jdks\openjdk-14.0.2\bin\java.dll
0x00007ffdbd0f0000 - 0x00007ffdbd106000 	C:\Users\julia\.jdks\openjdk-14.0.2\bin\zip.dll

dbghelp: loaded successfully - version: 4.0.5 - missing functions: none
symbol engine: initialized successfully - sym options: 0x614 - pdb path: .;C:\Users\julia\.jdks\openjdk-14.0.2\bin;C:\WINDOWS\SYSTEM32;C:\WINDOWS\WinSxS\amd64_microsoft.windows.common-controls_6595b64144ccf1df_6.0.18362.1082_none_9e8193e1e45b25c1;C:\Users\julia\.jdks\openjdk-14.0.2\bin\server

VM Arguments:
jvm_args: -javaagent:C:\Program Files\JetBrains\IntelliJ IDEA Community Edition 2020.2.1\lib\idea_rt.jar=62889:C:\Program Files\JetBrains\IntelliJ IDEA Community Edition 2020.2.1\bin -Dfile.encoding=UTF-8 
java_command: com.julieandco.bookcrossingMain.BookcrossingMainApplication
java_class_path (initial): C:\Users\julia\Documents\TRSPO\bookcrossingMain\target\classes;C:\Users\julia\.m2\repository\org\springframework\boot\spring-boot-starter-web\2.3.4.RELEASE\spring-boot-starter-web-2.3.4.RELEASE.jar;C:\Users\julia\.m2\repository\org\springframework\boot\spring-boot-starter\2.3.4.RELEASE\spring-boot-starter-2.3.4.RELEASE.jar;C:\Users\julia\.m2\repository\org\springframework\boot\spring-boot\2.3.4.RELEASE\spring-boot-2.3.4.RELEASE.jar;C:\Users\julia\.m2\repository\org\springframework\boot\spring-boot-autoconfigure\2.3.4.RELEASE\spring-boot-autoconfigure-2.3.4.RELEASE.jar;C:\Users\julia\.m2\repository\org\springframework\boot\spring-boot-starter-logging\2.3.4.RELEASE\spring-boot-starter-logging-2.3.4.RELEASE.jar;C:\Users\julia\.m2\repository\ch\qos\logback\logback-classic\1.2.3\logback-classic-1.2.3.jar;C:\Users\julia\.m2\repository\ch\qos\logback\logback-core\1.2.3\logback-core-1.2.3.jar;C:\Users\julia\.m2\repository\org\apache\logging\log4j\log4j-to-slf4j\2.13.3\log4j-to-slf4j-2.13.3.jar;C:\Users\julia\.m2\repository\org\apache\logging\log4j\log4j-api\2.13.3\log4j-api-2.13.3.jar;C:\Users\julia\.m2\repository\org\slf4j\jul-to-slf4j\1.7.30\jul-to-slf4j-1.7.30.jar;C:\Users\julia\.m2\repository\jakarta\annotation\jakarta.annotation-api\1.3.5\jakarta.annotation-api-1.3.5.jar;C:\Users\julia\.m2\repository\org\yaml\snakeyaml\1.26\snakeyaml-1.26.jar;C:\Users\julia\.m2\repository\org\springframework\boot\spring-boot-starter-json\2.3.4.RELEASE\spring-boot-starter-json-2.3.4.RELEASE.jar;C:\Users\julia\.m2\repository\com\fasterxml\jackson\datatype\jackson-datatype-jdk8\2.11.2\jackson-datatype-jdk8-2.11.2.jar;C:\Users\julia\.m2\repository\com\fasterxml\jackson\datatype\jackson-datatype-jsr310\2.11.2\jackson-datatype-jsr310-2.11.2.jar;C:\Users\julia\.m2\repository\com\fasterxml\jackson\module\jackson-module-parameter-names\2.11.2\jackson-module-parameter-names-2.11.2.jar;C:\Users\julia\.m2\repository\org\springframework\boot\spring-boot-starter-tomcat\2
Launcher Type: SUN_STANDARD

[Global flags]
     intx CICompilerCount                          = 4                                         {product} {ergonomic}
     uint ConcGCThreads                            = 2                                         {product} {ergonomic}
     uint G1ConcRefinementThreads                  = 8                                         {product} {ergonomic}
   size_t G1HeapRegionSize                         = 1048576                                   {product} {ergonomic}
    uintx GCDrainStackTargetSize                   = 64                                        {product} {ergonomic}
   size_t InitialHeapSize                          = 134217728                                 {product} {ergonomic}
   size_t MarkStackSize                            = 4194304                                   {product} {ergonomic}
   size_t MaxHeapSize                              = 2122317824                                {product} {ergonomic}
   size_t MinHeapDeltaBytes                        = 1048576                                   {product} {ergonomic}
   size_t MinHeapSize                              = 8388608                                   {product} {ergonomic}
    uintx NonNMethodCodeHeapSize                   = 5839372                                {pd product} {ergonomic}
    uintx NonProfiledCodeHeapSize                  = 122909434                              {pd product} {ergonomic}
    uintx ProfiledCodeHeapSize                     = 122909434                              {pd product} {ergonomic}
    uintx ReservedCodeCacheSize                    = 251658240                              {pd product} {ergonomic}
     bool SegmentedCodeCache                       = true                                      {product} {ergonomic}
   size_t SoftMaxHeapSize                          = 2122317824                             {manageable} {ergonomic}
     bool UseCompressedClassPointers               = true                                 {lp64_product} {ergonomic}
     bool UseCompressedOops                        = true                                 {lp64_product} {ergonomic}
     bool UseG1GC                                  = true                                      {product} {ergonomic}
     bool UseLargePagesIndividualAllocation        = false                                  {pd product} {ergonomic}

Logging:
Log output configuration:
 #0: stdout all=warning uptime,level,tags
 #1: stderr all=off uptime,level,tags

Environment Variables:
PATH=C:\WINDOWS\system32;C:\WINDOWS;C:\WINDOWS\System32\Wbem;C:\WINDOWS\System32\WindowsPowerShell\v1.0\;C:\WINDOWS\System32\OpenSSH\;C:\Program Files\Git\cmd;C:\Users\julia\AppData\Local\Microsoft\WindowsApps;
USERNAME=julia
OS=Windows_NT
PROCESSOR_IDENTIFIER=Intel64 Family 6 Model 142 Stepping 10, GenuineIntel



---------------  S Y S T E M  ---------------

OS: Windows 10 , 64 bit Build 18362 (10.0.18362.1082)
OS uptime: 14 days 23:33 hours

CPU:total 8 (initial active 8) (4 cores per cpu, 2 threads per core) family 6 model 142 stepping 10, cmov, cx8, fxsr, mmx, sse, sse2, sse3, ssse3, sse4.1, sse4.2, popcnt, avx, avx2, aes, clmul, erms, 3dnowpref, lzcnt, ht, tsc, tscinvbit, bmi1, bmi2, adx, fma

Memory: 4k page, system-wide physical 8088M (410M free)
TotalPageFile size 20816M (AvailPageFile size 56M)
current process WorkingSet (physical memory assigned to process): 10M, peak: 10M
current process commit charge ("private bytes"): 60M, peak: 188M

vm_info: OpenJDK 64-Bit Server VM (14.0.2+12-46) for windows-amd64 JRE (14.0.2+12-46), built on Jul  9 2020 00:31:16 by "mach5one" with MS VC++ 15.9 (VS2017)

END.
