#
# There is insufficient memory for the Java Runtime Environment to continue.
# Native memory allocation (mmap) failed to map 134217728 bytes for G1 virtual space
# Possible reasons:
#   The system is out of physical RAM or swap space
#   The process is running with CompressedOops enabled, and the Java Heap may be blocking the growth of the native heap
# Possible solutions:
#   Reduce memory load on the system
#   Increase physical memory or swap space
#   Check if swap backing store is full
#   Decrease Java heap size (-Xmx/-Xms)
#   Decrease number of Java threads
#   Decrease Java thread stack sizes (-Xss)
#   Set larger code cache with -XX:ReservedCodeCacheSize=
#   JVM is running with Unscaled Compressed Oops mode in which the Java heap is
#     placed in the first 4GB address space. The Java Heap base address is the
#     maximum limit for the native heap growth. Please use -XX:HeapBaseMinAddress
#     to set the Java Heap base and to place the Java Heap above 4GB virtual address.
# This output file may be truncated or incomplete.
#
#  Out of Memory Error (./open/src/hotspot/os/windows/os_windows.cpp:3472), pid=8128, tid=14136
#
# JRE version:  (15.0.1+9) (build )
# Java VM: OpenJDK 64-Bit Server VM (15.0.1+9-18, mixed mode, sharing, tiered, compressed oops, g1 gc, windows-amd64)
# No core dump will be written. Minidumps are not enabled by default on client versions of Windows
#

---------------  S U M M A R Y ------------

Command Line: -XX:TieredStopAtLevel=1 com.julieandco.bookcrossing.book.BookApplication

Host: Intel(R) Core(TM) i5-8250U CPU @ 1.60GHz, 8 cores, 7G,  Windows 10 , 64 bit Build 18362 (10.0.18362.1110)
Time: Mon Dec 14 17:11:39 2020 FLE Standard Time elapsed time: 0.158907 seconds (0d 0h 0m 0s)

---------------  T H R E A D  ---------------

Current thread (0x00000160dd8275c0):  JavaThread "Unknown thread" [_thread_in_vm, id=14136, stack(0x00000009e3000000,0x00000009e3100000)]

Stack: [0x00000009e3000000,0x00000009e3100000]
Native frames: (J=compiled Java code, j=interpreted, Vv=VM code, C=native code)
V  [jvm.dll+0x62ae9a]
V  [jvm.dll+0x781389]
V  [jvm.dll+0x782ae3]
V  [jvm.dll+0x783143]
V  [jvm.dll+0x216265]
V  [jvm.dll+0x6281d9]
V  [jvm.dll+0x61cd15]
V  [jvm.dll+0x2d01fd]
V  [jvm.dll+0x2d0062]
V  [jvm.dll+0x2d603c]
V  [jvm.dll+0x325b2a]
V  [jvm.dll+0x3251f4]
V  [jvm.dll+0x2a717a]
V  [jvm.dll+0x2a8318]
V  [jvm.dll+0x75e101]
V  [jvm.dll+0x3343e4]
V  [jvm.dll+0x73e826]
V  [jvm.dll+0x3b7777]
V  [jvm.dll+0x3b9201]
C  [jli.dll+0x52fb]
C  [ucrtbase.dll+0x210b2]
C  [KERNEL32.DLL+0x17c24]
C  [ntdll.dll+0x6d4d1]


---------------  P R O C E S S  ---------------

Threads class SMR info:
_java_thread_list=0x00007ffcfdc04ff0, length=0, elements={
}

Java Threads: ( => current thread )

Other Threads:
  0x00000160dd862080 GCTaskThread "GC Thread#0" [stack: 0x00000009e3100000,0x00000009e3200000] [id=19692]
  0x00000160dd874e00 ConcurrentGCThread "G1 Main Marker" [stack: 0x00000009e3200000,0x00000009e3300000] [id=16364]
  0x00000160dd875900 ConcurrentGCThread "G1 Conc#0" [stack: 0x00000009e3300000,0x00000009e3400000] [id=20012]

[error occurred during error reporting (printing all threads), id 0xc0000005, EXCEPTION_ACCESS_VIOLATION (0xc0000005) at pc=0x00007ffcfd3f8047]

VM state: not at safepoint (not fully initialized)

VM Mutex/Monitor currently owned by a thread:  ([mutex/lock_event])
[0x00000160dd824440] Heap_lock - owner thread: 0x00000160dd8275c0

Heap address: 0x0000000081800000, size: 2024 MB, Compressed Oops mode: 32-bit
CDS archive(s) mapped at: [0x0000000000000000-0x0000000000000000-0x0000000000000000), size 0, SharedBaseAddress: 0x0000000800000000, ArchiveRelocationMode: 0.
Narrow klass base: 0x0000000000000000, Narrow klass shift: 0, Narrow klass range: 0x0

Heap:
 garbage-first heap   total 131072K, used 0K [0x0000000081800000, 0x0000000100000000)
  region size 1024K, 0 young (0K), 0 survivors (0K)
 Metaspace       used 0K, capacity 0K, committed 0K, reserved 0K
  class space    used 0K, capacity 0K, committed 0K, reserved 0K

Heap Regions: E=young(eden), S=young(survivor), O=old, HS=humongous(starts), HC=humongous(continues), CS=collection set, F=free, OA=open archive, CA=closed archive, TAMS=top-at-mark-start (previous, next)

Card table byte_map: [0x00000160f5160000,0x00000160f5560000] _byte_map_base: 0x00000160f4d54000

Marking Bits (Prev, Next): (CMBitMap*) 0x00000160dd8647a0, (CMBitMap*) 0x00000160dd8647e0
 Prev Bits: [0x00000160f5960000, 0x00000160f7900000)
 Next Bits: [0x00000160f7900000, 0x00000160f98a0000)

GC Heap History (0 events):
No events

Deoptimization events (0 events):
No events

Classes unloaded (0 events):
No events

Classes redefined (0 events):
No events

Internal exceptions (0 events):
No events

Events (1 events):
Event: 0.016 Loaded shared library C:\Users\julia\.jdks\openjdk-15.0.1\bin\java.dll


Dynamic libraries:
0x00007ff7cc090000 - 0x00007ff7cc09d000 	C:\Users\julia\.jdks\openjdk-15.0.1\bin\java.exe
0x00007ffd87340000 - 0x00007ffd87530000 	C:\WINDOWS\SYSTEM32\ntdll.dll
0x00007ffd87100000 - 0x00007ffd871b2000 	C:\WINDOWS\System32\KERNEL32.DLL
0x00007ffd84580000 - 0x00007ffd84825000 	C:\WINDOWS\System32\KERNELBASE.dll
0x00007ffd852f0000 - 0x00007ffd853ea000 	C:\WINDOWS\System32\ucrtbase.dll
0x00007ffd668d0000 - 0x00007ffd668e8000 	C:\Users\julia\.jdks\openjdk-15.0.1\bin\jli.dll
0x00007ffd65e90000 - 0x00007ffd65ea9000 	C:\Users\julia\.jdks\openjdk-15.0.1\bin\VCRUNTIME140.dll
0x00007ffd857b0000 - 0x00007ffd85944000 	C:\WINDOWS\System32\USER32.dll
0x00007ffd842b0000 - 0x00007ffd842d1000 	C:\WINDOWS\System32\win32u.dll
0x00007ffd6b340000 - 0x00007ffd6b5c4000 	C:\WINDOWS\WinSxS\amd64_microsoft.windows.common-controls_6595b64144ccf1df_6.0.18362.1256_none_9e7e379be45e40e2\COMCTL32.dll
0x00007ffd86920000 - 0x00007ffd86946000 	C:\WINDOWS\System32\GDI32.dll
0x00007ffd86700000 - 0x00007ffd8679e000 	C:\WINDOWS\System32\msvcrt.dll
0x00007ffd850b0000 - 0x00007ffd85246000 	C:\WINDOWS\System32\gdi32full.dll
0x00007ffd86dc0000 - 0x00007ffd870f6000 	C:\WINDOWS\System32\combase.dll
0x00007ffd85250000 - 0x00007ffd852ee000 	C:\WINDOWS\System32\msvcp_win.dll
0x00007ffd855c0000 - 0x00007ffd856e0000 	C:\WINDOWS\System32\RPCRT4.dll
0x00007ffd84830000 - 0x00007ffd848b1000 	C:\WINDOWS\System32\bcryptPrimitives.dll
0x00007ffd85a50000 - 0x00007ffd85a7e000 	C:\WINDOWS\System32\IMM32.DLL
0x00007ffd80300000 - 0x00007ffd8030c000 	C:\Users\julia\.jdks\openjdk-15.0.1\bin\vcruntime140_1.dll
0x00007ffd645c0000 - 0x00007ffd64651000 	C:\Users\julia\.jdks\openjdk-15.0.1\bin\msvcp140.dll
0x00007ffcfd140000 - 0x00007ffcfdc9e000 	C:\Users\julia\.jdks\openjdk-15.0.1\bin\server\jvm.dll
0x00007ffd867c0000 - 0x00007ffd86863000 	C:\WINDOWS\System32\ADVAPI32.dll
0x00007ffd853f0000 - 0x00007ffd85487000 	C:\WINDOWS\System32\sechost.dll
0x00007ffd859c0000 - 0x00007ffd859c8000 	C:\WINDOWS\System32\PSAPI.DLL
0x00007ffd6f3e0000 - 0x00007ffd6f3e9000 	C:\WINDOWS\SYSTEM32\WSOCK32.dll
0x00007ffd80b30000 - 0x00007ffd80b54000 	C:\WINDOWS\SYSTEM32\WINMM.dll
0x00007ffd7d2c0000 - 0x00007ffd7d2ca000 	C:\WINDOWS\SYSTEM32\VERSION.dll
0x00007ffd871c0000 - 0x00007ffd8722f000 	C:\WINDOWS\System32\WS2_32.dll
0x00007ffd80b00000 - 0x00007ffd80b2d000 	C:\WINDOWS\SYSTEM32\winmmbase.dll
0x00007ffd843e0000 - 0x00007ffd8442a000 	C:\WINDOWS\System32\cfgmgr32.dll
0x00007ffd84240000 - 0x00007ffd84251000 	C:\WINDOWS\System32\kernel.appcore.dll
0x00007ffd666a0000 - 0x00007ffd666aa000 	C:\Users\julia\.jdks\openjdk-15.0.1\bin\jimage.dll
0x00007ffd7ebf0000 - 0x00007ffd7ede4000 	C:\WINDOWS\SYSTEM32\DBGHELP.DLL
0x00007ffd71b80000 - 0x00007ffd71baa000 	C:\WINDOWS\SYSTEM32\dbgcore.DLL
0x00007ffd64590000 - 0x00007ffd645b5000 	C:\Users\julia\.jdks\openjdk-15.0.1\bin\java.dll

dbghelp: loaded successfully - version: 4.0.5 - missing functions: none
symbol engine: initialized successfully - sym options: 0x614 - pdb path: .;C:\Users\julia\.jdks\openjdk-15.0.1\bin;C:\WINDOWS\SYSTEM32;C:\WINDOWS\WinSxS\amd64_microsoft.windows.common-controls_6595b64144ccf1df_6.0.18362.1256_none_9e7e379be45e40e2;C:\Users\julia\.jdks\openjdk-15.0.1\bin\server

VM Arguments:
jvm_args: -XX:TieredStopAtLevel=1 
java_command: com.julieandco.bookcrossing.book.BookApplication
java_class_path (initial): D:\3\trspo\book\target\classes;C:\Users\julia\.m2\repository\org\postgresql\postgresql\42.2.16\postgresql-42.2.16.jar;C:\Users\julia\.m2\repository\org\checkerframework\checker-qual\3.5.0\checker-qual-3.5.0.jar;C:\Users\julia\.m2\repository\org\springframework\boot\spring-boot-starter-data-jpa\2.3.4.RELEASE\spring-boot-starter-data-jpa-2.3.4.RELEASE.jar;C:\Users\julia\.m2\repository\org\springframework\boot\spring-boot-starter-aop\2.3.4.RELEASE\spring-boot-starter-aop-2.3.4.RELEASE.jar;C:\Users\julia\.m2\repository\org\springframework\spring-aop\5.2.9.RELEASE\spring-aop-5.2.9.RELEASE.jar;C:\Users\julia\.m2\repository\org\aspectj\aspectjweaver\1.9.6\aspectjweaver-1.9.6.jar;C:\Users\julia\.m2\repository\org\springframework\boot\spring-boot-starter-jdbc\2.3.4.RELEASE\spring-boot-starter-jdbc-2.3.4.RELEASE.jar;C:\Users\julia\.m2\repository\com\zaxxer\HikariCP\3.4.5\HikariCP-3.4.5.jar;C:\Users\julia\.m2\repository\org\springframework\spring-jdbc\5.2.9.RELEASE\spring-jdbc-5.2.9.RELEASE.jar;C:\Users\julia\.m2\repository\jakarta\transaction\jakarta.transaction-api\1.3.3\jakarta.transaction-api-1.3.3.jar;C:\Users\julia\.m2\repository\jakarta\persistence\jakarta.persistence-api\2.2.3\jakarta.persistence-api-2.2.3.jar;C:\Users\julia\.m2\repository\org\hibernate\hibernate-core\5.4.21.Final\hibernate-core-5.4.21.Final.jar;C:\Users\julia\.m2\repository\org\jboss\logging\jboss-logging\3.4.1.Final\jboss-logging-3.4.1.Final.jar;C:\Users\julia\.m2\repository\org\javassist\javassist\3.24.0-GA\javassist-3.24.0-GA.jar;C:\Users\julia\.m2\repository\net\bytebuddy\byte-buddy\1.10.14\byte-buddy-1.10.14.jar;C:\Users\julia\.m2\repository\antlr\antlr\2.7.7\antlr-2.7.7.jar;C:\Users\julia\.m2\repository\org\jboss\jandex\2.1.3.Final\jandex-2.1.3.Final.jar;C:\Users\julia\.m2\repository\com\fasterxml\classmate\1.5.1\classmate-1.5.1.jar;C:\Users\julia\.m2\repository\org\dom4j\dom4j\2.1.3\dom4j-2.1.3.jar;C:\Users\julia\.m2\repository\org\hibernate\common\hibernate-commons
Launcher Type: SUN_STANDARD

[Global flags]
     intx CICompilerCount                          = 4                                         {product} {ergonomic}
     uint ConcGCThreads                            = 2                                         {product} {ergonomic}
     uint G1ConcRefinementThreads                  = 8                                         {product} {ergonomic}
   size_t G1HeapRegionSize                         = 1048576                                   {product} {ergonomic}
    uintx GCDrainStackTargetSize                   = 64                                        {product} {ergonomic}
   size_t InitialHeapSize                          = 134217728                                 {product} {ergonomic}
   size_t MarkStackSize                            = 4194304                                   {product} {ergonomic}
   size_t MaxHeapSize                              = 2122317824                                {product} {ergonomic}
   size_t MinHeapDeltaBytes                        = 1048576                                   {product} {ergonomic}
   size_t MinHeapSize                              = 8388608                                   {product} {ergonomic}
    uintx NonNMethodCodeHeapSize                   = 7549744                                {pd product} {ergonomic}
    uintx NonProfiledCodeHeapSize                  = 244108496                              {pd product} {ergonomic}
    uintx ProfiledCodeHeapSize                     = 0                                      {pd product} {ergonomic}
    uintx ReservedCodeCacheSize                    = 251658240                              {pd product} {ergonomic}
     bool SegmentedCodeCache                       = true                                      {product} {ergonomic}
   size_t SoftMaxHeapSize                          = 2122317824                             {manageable} {ergonomic}
     intx TieredStopAtLevel                        = 1                                         {product} {command line}
     bool UseCompressedClassPointers               = true                                 {lp64_product} {ergonomic}
     bool UseCompressedOops                        = true                                 {lp64_product} {ergonomic}
     bool UseG1GC                                  = true                                      {product} {ergonomic}
     bool UseLargePagesIndividualAllocation        = false                                  {pd product} {ergonomic}

Logging:
Log output configuration:
 #0: stdout all=warning uptime,level,tags
 #1: stderr all=off uptime,level,tags

Environment Variables:
PATH=C:\WINDOWS\system32;C:\WINDOWS;C:\WINDOWS\System32\Wbem;C:\WINDOWS\System32\WindowsPowerShell\v1.0\;C:\WINDOWS\System32\OpenSSH\;C:\Program Files\Git\cmd;C:\Program Files\dotnet\;C:\Program Files\Microsoft SQL Server\130\Tools\Binn\;C:\Program Files\Kubernetes\Minikube;;C:\Program Files\Docker\Docker\resources\bin;C:\ProgramData\DockerDesktop\version-bin;C:\Users\julia\kub;C:\Users\julia\AppData\Local\Microsoft\WindowsApps;C:\Users\julia\.dotnet\tools;C:\Program Files\Kubernetes\Minikube;
USERNAME=julia
OS=Windows_NT
PROCESSOR_IDENTIFIER=Intel64 Family 6 Model 142 Stepping 10, GenuineIntel



---------------  S Y S T E M  ---------------

OS:
 Windows 10 , 64 bit Build 18362 (10.0.18362.1110)
OS uptime: 0 days 23:30 hours
HyperV virtualization detected

CPU: total 8 (initial active 8) (4 cores per cpu, 2 threads per core) family 6 model 142 stepping 10 microcode 0xc6, cmov, cx8, fxsr, mmx, sse, sse2, sse3, ssse3, sse4.1, sse4.2, popcnt, vzeroupper, avx, avx2, aes, clmul, erms, 3dnowpref, lzcnt, ht, tsc, tscinvbit, bmi1, bmi2, adx, fma, clflush, clflushopt

Memory: 4k page, system-wide physical 8088M (950M free)
TotalPageFile size 18607M (AvailPageFile size 64M)
current process WorkingSet (physical memory assigned to process): 10M, peak: 10M
current process commit charge ("private bytes"): 58M, peak: 185M

vm_info: OpenJDK 64-Bit Server VM (15.0.1+9-18) for windows-amd64 JRE (15.0.1+9-18), built on Sep 15 2020 14:39:31 by "mach5one" with unknown MS VC++:1925

END.
